app/build/intermediates/manifest_merge_blame_file/debug/manifest-merger-blame-debug-report.txt
1<?xml version="1.0" encoding="utf-8"?>
2<manifest xmlns:android="http://schemas.android.com/apk/res/android"
3    package="com.pouillos.mysuivimedical"
4    android:versionCode="1"
5    android:versionName="1.0" >
6
7    <uses-sdk
8        android:minSdkVersion="24"
8-->src\main\AndroidManifest.xml
9        android:targetSdkVersion="28" />
9-->src\main\AndroidManifest.xml
10
11    <uses-permission android:name="android.permission.RECEIVE_BOOT_COMPLETED" />
11-->src\main\AndroidManifest.xml:5:5-80
11-->src\main\AndroidManifest.xml:5:22-78
12    <uses-permission android:name="android.permission.CAMERA" />
12-->src\main\AndroidManifest.xml:6:5-64
12-->src\main\AndroidManifest.xml:6:22-62
13    <uses-permission android:name="android.permission.WRITE_EXTERNAL_STORAGE" />
13-->src\main\AndroidManifest.xml:7:5-80
13-->src\main\AndroidManifest.xml:7:22-78
14    <uses-permission android:name="android.permission.ACCESS_FINE_LOCATION" />
14-->src\main\AndroidManifest.xml:8:5-79
14-->src\main\AndroidManifest.xml:8:22-76
15
16    <uses-feature android:name="android.hardware.camera" />
16-->src\main\AndroidManifest.xml:10:5-60
16-->src\main\AndroidManifest.xml:10:19-57
17
18    <application
18-->src\main\AndroidManifest.xml:12:5-86:19
19        android:name="com.pouillos.mysuivimedical.MyApp"
19-->src\main\AndroidManifest.xml:13:9-57
20        android:allowBackup="true"
20-->src\main\AndroidManifest.xml:14:9-35
21        android:appComponentFactory="androidx.core.app.CoreComponentFactory"
21-->[androidx.core:core:1.3.1] AndroidManifest.xml:24:18-86
22        android:debuggable="true"
23        android:extractNativeLibs="false"
24        android:icon="@mipmap/icons8_liste_traitement_96"
24-->src\main\AndroidManifest.xml:16:9-58
25        android:label="@string/app_name"
25-->src\main\AndroidManifest.xml:17:9-41
26        android:roundIcon="@mipmap/icons8_liste_traitement_96"
26-->src\main\AndroidManifest.xml:18:9-63
27        android:supportsRtl="true"
27-->src\main\AndroidManifest.xml:19:9-35
28        android:testOnly="true"
29        android:theme="@style/AppTheme" >
29-->src\main\AndroidManifest.xml:20:9-40
30        <meta-data
30-->src\main\AndroidManifest.xml:23:9-25:51
31            android:name="DATABASE"
31-->src\main\AndroidManifest.xml:24:13-36
32            android:value="my_suivi_medical.db" />
32-->src\main\AndroidManifest.xml:25:13-48
33        <meta-data
33-->src\main\AndroidManifest.xml:26:9-29:33
34            android:name="VERSION"
34-->src\main\AndroidManifest.xml:27:13-35
35            android:value="1" />
35-->src\main\AndroidManifest.xml:29:13-30
36        <meta-data
36-->src\main\AndroidManifest.xml:31:9-33:36
37            android:name="QUERY_LOG"
37-->src\main\AndroidManifest.xml:32:13-37
38            android:value="true" />
38-->src\main\AndroidManifest.xml:33:13-33
39        <meta-data
39-->src\main\AndroidManifest.xml:34:9-36:59
40            android:name="DOMAIN_PACKAGE_NAME"
40-->src\main\AndroidManifest.xml:35:13-47
41            android:value="com.pouillos.mysuivimedical" />
41-->src\main\AndroidManifest.xml:36:13-56
42
43        <activity android:name="com.pouillos.mysuivimedical.activities.AccueilActivity" >
43-->src\main\AndroidManifest.xml:38:9-43:20
43-->src\main\AndroidManifest.xml:38:19-88
44            <intent-filter>
44-->src\main\AndroidManifest.xml:39:13-42:29
45                <action android:name="android.intent.action.MAIN" />
45-->src\main\AndroidManifest.xml:40:17-69
45-->src\main\AndroidManifest.xml:40:25-66
46
47                <category android:name="android.intent.category.LAUNCHER" />
47-->src\main\AndroidManifest.xml:41:17-77
47-->src\main\AndroidManifest.xml:41:27-74
48            </intent-filter>
49        </activity>
50        <activity
50-->src\main\AndroidManifest.xml:44:9-45:56
51            android:name="com.pouillos.mysuivimedical.activities.add.AddAnalyseActivity"
51-->src\main\AndroidManifest.xml:44:19-68
52            android:windowSoftInputMode="stateHidden" />
52-->src\main\AndroidManifest.xml:45:13-54
53        <activity
53-->src\main\AndroidManifest.xml:46:9-47:56
54            android:name="com.pouillos.mysuivimedical.activities.add.AddProfilActivity"
54-->src\main\AndroidManifest.xml:46:19-67
55            android:windowSoftInputMode="stateHidden" />
55-->src\main\AndroidManifest.xml:47:13-54
56        <activity
56-->src\main\AndroidManifest.xml:48:9-49:56
57            android:name="com.pouillos.mysuivimedical.activities.add.AddExamenActivity"
57-->src\main\AndroidManifest.xml:48:19-67
58            android:windowSoftInputMode="stateHidden" />
58-->src\main\AndroidManifest.xml:49:13-54
59        <activity
59-->src\main\AndroidManifest.xml:50:9-51:56
60            android:name="com.pouillos.mysuivimedical.activities.add.AddRdvAnalyseActivity"
60-->src\main\AndroidManifest.xml:50:19-71
61            android:windowSoftInputMode="stateHidden" />
61-->src\main\AndroidManifest.xml:51:13-54
62        <activity
62-->src\main\AndroidManifest.xml:52:9-53:56
63            android:name="com.pouillos.mysuivimedical.activities.add.AddRdvContactActivity"
63-->src\main\AndroidManifest.xml:52:19-71
64            android:windowSoftInputMode="stateHidden" />
64-->src\main\AndroidManifest.xml:53:13-54
65        <activity
65-->src\main\AndroidManifest.xml:54:9-55:56
66            android:name="com.pouillos.mysuivimedical.activities.add.AddRdvExamenActivity"
66-->src\main\AndroidManifest.xml:54:19-70
67            android:windowSoftInputMode="stateHidden" />
67-->src\main\AndroidManifest.xml:55:13-54
68        <activity
68-->src\main\AndroidManifest.xml:56:9-57:56
69            android:name="com.pouillos.mysuivimedical.activities.afficher.AfficherAnalyseActivity"
69-->src\main\AndroidManifest.xml:56:19-78
70            android:windowSoftInputMode="stateHidden" />
70-->src\main\AndroidManifest.xml:57:13-54
71        <activity
71-->src\main\AndroidManifest.xml:58:9-59:56
72            android:name="com.pouillos.mysuivimedical.activities.afficher.AfficherExamenActivity"
72-->src\main\AndroidManifest.xml:58:19-77
73            android:windowSoftInputMode="stateHidden" />
73-->src\main\AndroidManifest.xml:59:13-54
74        <activity
74-->src\main\AndroidManifest.xml:60:9-61:56
75            android:name="com.pouillos.mysuivimedical.activities.afficher.AfficherGraphiqueActivity"
75-->src\main\AndroidManifest.xml:60:19-80
76            android:windowSoftInputMode="stateHidden" />
76-->src\main\AndroidManifest.xml:61:13-54
77        <activity
77-->src\main\AndroidManifest.xml:62:9-63:56
78            android:name="com.pouillos.mysuivimedical.activities.afficher.AfficherPhotoActivity"
78-->src\main\AndroidManifest.xml:62:19-76
79            android:windowSoftInputMode="stateHidden" />
79-->src\main\AndroidManifest.xml:63:13-54
80        <activity
80-->src\main\AndroidManifest.xml:64:9-65:56
81            android:name="com.pouillos.mysuivimedical.activities.afficher.AfficherProfilActivity"
81-->src\main\AndroidManifest.xml:64:19-77
82            android:windowSoftInputMode="stateHidden" />
82-->src\main\AndroidManifest.xml:65:13-54
83        <!--
84        <activity android:name=".activities.afficher.AfficherRdvAnalyseActivity"
85            android:windowSoftInputMode="stateHidden"/>
86        <activity android:name=".activities.afficher.AfficherRdvContactActivity"
87            android:windowSoftInputMode="stateHidden"/>
88        <activity android:name=".activities.afficher.AfficherRdvExamenActivity"
89            android:windowSoftInputMode="stateHidden"/>
90        -->
91        <activity
91-->src\main\AndroidManifest.xml:72:9-73:56
92            android:name="com.pouillos.mysuivimedical.activities.afficher.AfficherRdvActivity"
92-->src\main\AndroidManifest.xml:72:19-74
93            android:windowSoftInputMode="stateHidden" />
93-->src\main\AndroidManifest.xml:73:13-54
94        <activity
94-->src\main\AndroidManifest.xml:74:9-75:56
95            android:name="com.pouillos.mysuivimedical.activities.photo.MakePhotoActivity"
95-->src\main\AndroidManifest.xml:74:19-69
96            android:windowSoftInputMode="stateHidden" />
96-->src\main\AndroidManifest.xml:75:13-54
97
98        <provider
98-->src\main\AndroidManifest.xml:77:9-85:20
99            android:name="androidx.core.content.FileProvider"
99-->src\main\AndroidManifest.xml:78:13-62
100            android:authorities="com.pouillos.mysuivimedical.fileprovider"
100-->src\main\AndroidManifest.xml:79:13-75
101            android:exported="false"
101-->src\main\AndroidManifest.xml:80:13-37
102            android:grantUriPermissions="true" >
102-->src\main\AndroidManifest.xml:81:13-47
103            <meta-data
103-->src\main\AndroidManifest.xml:82:13-84:53
104                android:name="android.support.FILE_PROVIDER_PATHS"
104-->src\main\AndroidManifest.xml:83:17-67
105                android:resource="@xml/filepaths" />
105-->src\main\AndroidManifest.xml:84:17-50
106        </provider>
107        <provider
107-->[androidx.lifecycle:lifecycle-process:2.2.0] AndroidManifest.xml:25:9-29:43
108            android:name="androidx.lifecycle.ProcessLifecycleOwnerInitializer"
108-->[androidx.lifecycle:lifecycle-process:2.2.0] AndroidManifest.xml:26:13-79
109            android:authorities="com.pouillos.mysuivimedical.lifecycle-process"
109-->[androidx.lifecycle:lifecycle-process:2.2.0] AndroidManifest.xml:27:13-69
110            android:exported="false"
110-->[androidx.lifecycle:lifecycle-process:2.2.0] AndroidManifest.xml:28:13-37
111            android:multiprocess="true" />
111-->[androidx.lifecycle:lifecycle-process:2.2.0] AndroidManifest.xml:29:13-40
112    </application>
113
114</manifest>